<?xml version="1.0" encoding="UTF-8"?>
<testng-results skipped="0" failed="0" total="1" passed="1">
  <reporter-output>
  </reporter-output>
  <suite name="Default suite" duration-ms="17986" started-at="2019-06-03T12:39:03Z" finished-at="2019-06-03T12:39:21Z">
    <groups>
    </groups>
    <test name="Default test" duration-ms="17986" started-at="2019-06-03T12:39:03Z" finished-at="2019-06-03T12:39:21Z">
      <class name="testscript.Login">
        <test-method status="PASS" signature="browserLaunch()[pri:0, instance:testscript.Login@69ea3742]" name="browserLaunch" is-config="true" duration-ms="17917" started-at="2019-06-03T18:09:03Z" finished-at="2019-06-03T18:09:21Z">
          <reporter-output>
          </reporter-output>
        </test-method> <!-- browserLaunch -->
        <test-method status="PASS" signature="login()[pri:0, instance:testscript.Login@69ea3742]" name="login" duration-ms="15" started-at="2019-06-03T18:09:21Z" finished-at="2019-06-03T18:09:21Z">
          <reporter-output>
          </reporter-output>
        </test-method> <!-- login -->
      </class> <!-- testscript.Login -->
    </test> <!-- Default test -->
  </suite> <!-- Default suite -->
</testng-results>
